ilps-cn002.ivi-ilps.local
INFO:root:Start initializing
Use adam
INFO:root:Finish building module: reward agent, user ppo, system ppo
INFO:root:Episode 100, Avg length: 20.0,  Avg reward: 0.5936172604560852
INFO:root:Episode 200, Avg length: 20.0,  Avg reward: 0.5757622718811035
INFO:root:Episode 300, Avg length: 20.0,  Avg reward: 0.5874843597412109
INFO:root:Episode 400, Avg length: 20.0,  Avg reward: 0.5805513262748718
INFO:root:Episode 500, Avg length: 20.0,  Avg reward: 0.600069522857666
INFO:root:Episode 600, Avg length: 20.0,  Avg reward: 0.5927669405937195
INFO:root:Episode 700, Avg length: 20.0,  Avg reward: 0.6139273643493652
INFO:root:Episode 800, Avg length: 20.0,  Avg reward: 0.6002475619316101
INFO:root:Episode 900, Avg length: 20.0,  Avg reward: 0.6090094447135925
INFO:root:Episode 1000, Avg length: 20.0,  Avg reward: 0.6092169284820557
INFO:root:Episode 1100, Avg length: 20.0,  Avg reward: 0.6152965426445007
INFO:root:Episode 1200, Avg length: 20.0,  Avg reward: 0.6206012964248657
INFO:root:Episode 1300, Avg length: 20.0,  Avg reward: 0.6276779770851135
INFO:root:Episode 1400, Avg length: 20.0,  Avg reward: 0.6147633194923401
INFO:root:Episode 1500, Avg length: 20.0,  Avg reward: 0.6175493597984314
INFO:root:Episode 1600, Avg length: 20.0,  Avg reward: 0.6229717135429382
INFO:root:Episode 1700, Avg length: 20.0,  Avg reward: 0.6034111380577087
INFO:root:Episode 1800, Avg length: 20.0,  Avg reward: 0.6179294586181641
INFO:root:Episode 1900, Avg length: 20.0,  Avg reward: 0.6119035482406616
INFO:root:Episode 2000, Avg length: 20.0,  Avg reward: 0.622393786907196
INFO:root:Episode 2100, Avg length: 20.0,  Avg reward: 0.6121127605438232
INFO:root:Episode 2200, Avg length: 20.0,  Avg reward: 0.6254609823226929
INFO:root:Episode 2300, Avg length: 20.0,  Avg reward: 0.64789217710495
INFO:root:Episode 2400, Avg length: 20.0,  Avg reward: 0.6446502208709717
INFO:root:Episode 2500, Avg length: 20.0,  Avg reward: 0.6217774748802185
INFO:root:Episode 2600, Avg length: 20.0,  Avg reward: 0.6497991681098938
INFO:root:Episode 2700, Avg length: 20.0,  Avg reward: 0.6405874490737915
INFO:root:Episode 2800, Avg length: 20.0,  Avg reward: 0.635834813117981
INFO:root:Episode 2900, Avg length: 20.0,  Avg reward: 0.6560723781585693
INFO:root:Episode 3000, Avg length: 20.0,  Avg reward: 0.6406614780426025
INFO:root:Episode 3100, Avg length: 20.0,  Avg reward: 0.637391209602356
INFO:root:Episode 3200, Avg length: 20.0,  Avg reward: 0.6343564987182617
INFO:root:Episode 3300, Avg length: 20.0,  Avg reward: 0.639949381351471
INFO:root:Episode 3400, Avg length: 20.0,  Avg reward: 0.644916832447052
INFO:root:Episode 3500, Avg length: 20.0,  Avg reward: 0.6559789776802063
INFO:root:Episode 3600, Avg length: 20.0,  Avg reward: 0.6453389525413513
INFO:root:Episode 3700, Avg length: 20.0,  Avg reward: 0.6572467684745789
INFO:root:Episode 3800, Avg length: 20.0,  Avg reward: 0.6504165530204773
INFO:root:Episode 3900, Avg length: 20.0,  Avg reward: 0.6355239748954773
INFO:root:Episode 4000, Avg length: 20.0,  Avg reward: 0.6521327495574951
INFO:root:Episode 4100, Avg length: 20.0,  Avg reward: 0.6597808003425598
INFO:root:Episode 4200, Avg length: 20.0,  Avg reward: 0.6470487713813782
INFO:root:Episode 4300, Avg length: 20.0,  Avg reward: 0.6376014947891235
INFO:root:Episode 4400, Avg length: 20.0,  Avg reward: 0.6403141617774963
INFO:root:Episode 4500, Avg length: 20.0,  Avg reward: 0.6472040414810181
INFO:root:Episode 4600, Avg length: 20.0,  Avg reward: 0.6463820934295654
INFO:root:Episode 4700, Avg length: 20.0,  Avg reward: 0.6513581871986389
INFO:root:Episode 4800, Avg length: 20.0,  Avg reward: 0.6447449326515198
INFO:root:Episode 4900, Avg length: 20.0,  Avg reward: 0.6536222696304321
INFO:root:Episode 5000, Avg length: 20.0,  Avg reward: 0.6508532762527466
INFO:root:Episode 5100, Avg length: 20.0,  Avg reward: 0.6606438159942627
INFO:root:Episode 5200, Avg length: 20.0,  Avg reward: 0.6391896605491638
INFO:root:Episode 5300, Avg length: 20.0,  Avg reward: 0.6364114284515381
INFO:root:Episode 5400, Avg length: 20.0,  Avg reward: 0.6418092250823975
INFO:root:Episode 5500, Avg length: 20.0,  Avg reward: 0.6380455493927002
INFO:root:Episode 5600, Avg length: 20.0,  Avg reward: 0.6336876749992371
INFO:root:Episode 5700, Avg length: 20.0,  Avg reward: 0.6542450785636902
INFO:root:Episode 5800, Avg length: 20.0,  Avg reward: 0.6536081433296204
INFO:root:Episode 5900, Avg length: 20.0,  Avg reward: 0.6485741138458252
INFO:root:Episode 6000, Avg length: 20.0,  Avg reward: 0.6619357466697693
INFO:root:Episode 6100, Avg length: 20.0,  Avg reward: 0.665396511554718
INFO:root:Episode 6200, Avg length: 20.0,  Avg reward: 0.6695242524147034
INFO:root:Episode 6300, Avg length: 20.0,  Avg reward: 0.6481943726539612
INFO:root:Episode 6400, Avg length: 20.0,  Avg reward: 0.6465246081352234
INFO:root:Episode 6500, Avg length: 20.0,  Avg reward: 0.6705712080001831
INFO:root:Episode 6600, Avg length: 20.0,  Avg reward: 0.6384524703025818
INFO:root:Episode 6700, Avg length: 20.0,  Avg reward: 0.655254602432251
INFO:root:Episode 6800, Avg length: 20.0,  Avg reward: 0.6476975083351135
INFO:root:Episode 6900, Avg length: 20.0,  Avg reward: 0.6458594799041748
INFO:root:Episode 7000, Avg length: 20.0,  Avg reward: 0.6544696092605591
INFO:root:Episode 7100, Avg length: 20.0,  Avg reward: 0.6666711568832397
INFO:root:Episode 7200, Avg length: 20.0,  Avg reward: 0.6524930000305176
INFO:root:Episode 7300, Avg length: 20.0,  Avg reward: 0.6523720622062683
INFO:root:Episode 7400, Avg length: 20.0,  Avg reward: 0.6613729596138
INFO:root:Episode 7500, Avg length: 20.0,  Avg reward: 0.64634108543396
INFO:root:Episode 7600, Avg length: 20.0,  Avg reward: 0.633466362953186
INFO:root:Episode 7700, Avg length: 20.0,  Avg reward: 0.6531722545623779
INFO:root:Episode 7800, Avg length: 20.0,  Avg reward: 0.6380557417869568
INFO:root:Episode 7900, Avg length: 20.0,  Avg reward: 0.6597177982330322
INFO:root:Episode 8000, Avg length: 20.0,  Avg reward: 0.6528105735778809
INFO:root:Episode 8100, Avg length: 20.0,  Avg reward: 0.6558655500411987
INFO:root:Episode 8200, Avg length: 20.0,  Avg reward: 0.6646159291267395
INFO:root:Episode 8300, Avg length: 20.0,  Avg reward: 0.661954939365387
INFO:root:Episode 8400, Avg length: 20.0,  Avg reward: 0.6662434935569763
INFO:root:Episode 8500, Avg length: 20.0,  Avg reward: 0.6555489301681519
INFO:root:Episode 8600, Avg length: 20.0,  Avg reward: 0.6506479382514954
INFO:root:Episode 8700, Avg length: 20.0,  Avg reward: 0.6456944942474365
INFO:root:Episode 8800, Avg length: 20.0,  Avg reward: 0.6355879306793213
INFO:root:Episode 8900, Avg length: 20.0,  Avg reward: 0.6603911519050598
INFO:root:Episode 9000, Avg length: 20.0,  Avg reward: 0.6485230922698975
INFO:root:Episode 9100, Avg length: 20.0,  Avg reward: 0.650961697101593
INFO:root:Episode 9200, Avg length: 20.0,  Avg reward: 0.6516095995903015
INFO:root:Episode 9300, Avg length: 20.0,  Avg reward: 0.6651077270507812
INFO:root:Episode 9400, Avg length: 20.0,  Avg reward: 0.6584805846214294
INFO:root:Episode 9500, Avg length: 20.0,  Avg reward: 0.6571530103683472
INFO:root:Episode 9600, Avg length: 20.0,  Avg reward: 0.6499260067939758
INFO:root:Episode 9700, Avg length: 20.0,  Avg reward: 0.6606771349906921
INFO:root:Episode 9800, Avg length: 20.0,  Avg reward: 0.6458765268325806
INFO:root:Episode 9900, Avg length: 20.0,  Avg reward: 0.6376855969429016
INFO:root:Episode 10000, Avg length: 20.0,  Avg reward: 0.634303092956543
INFO:root:user policy training stop here
INFO:root:Episode 100, Avg length: 20.0,  Avg reward: 5.730408191680908
INFO:root:Episode 200, Avg length: 20.0,  Avg reward: 5.723231315612793
INFO:root:Episode 300, Avg length: 20.0,  Avg reward: 5.789065361022949
INFO:root:Episode 400, Avg length: 20.0,  Avg reward: 5.7862868309021
INFO:root:Episode 500, Avg length: 20.0,  Avg reward: 5.732030868530273
INFO:root:Episode 600, Avg length: 20.0,  Avg reward: 5.834751605987549
INFO:root:Episode 700, Avg length: 20.0,  Avg reward: 5.86949348449707
INFO:root:Episode 800, Avg length: 20.0,  Avg reward: 5.820895195007324
INFO:root:Episode 900, Avg length: 20.0,  Avg reward: 5.871453762054443
INFO:root:Episode 1000, Avg length: 20.0,  Avg reward: 5.882577896118164
INFO:root:Episode 1100, Avg length: 20.0,  Avg reward: 5.951107978820801
INFO:root:Episode 1200, Avg length: 20.0,  Avg reward: 6.009294509887695
INFO:root:Episode 1300, Avg length: 20.0,  Avg reward: 5.990927219390869
INFO:root:Episode 1400, Avg length: 20.0,  Avg reward: 6.000001430511475
INFO:root:Episode 1500, Avg length: 20.0,  Avg reward: 6.012109756469727
INFO:root:Episode 1600, Avg length: 20.0,  Avg reward: 6.0655198097229
INFO:root:Episode 1700, Avg length: 20.0,  Avg reward: 6.0765252113342285
INFO:root:Episode 1800, Avg length: 20.0,  Avg reward: 6.055487632751465
INFO:root:Episode 1900, Avg length: 20.0,  Avg reward: 6.1432671546936035
INFO:root:Episode 2000, Avg length: 20.0,  Avg reward: 6.292016506195068
INFO:root:Episode 2100, Avg length: 20.0,  Avg reward: 6.175220489501953
INFO:root:Episode 2200, Avg length: 20.0,  Avg reward: 6.300108432769775
INFO:root:Episode 2300, Avg length: 20.0,  Avg reward: 6.280611038208008
INFO:root:Episode 2400, Avg length: 20.0,  Avg reward: 6.1989521980285645
INFO:root:Episode 2500, Avg length: 20.0,  Avg reward: 6.3177947998046875
INFO:root:Episode 2600, Avg length: 20.0,  Avg reward: 6.425909519195557
INFO:root:Episode 2700, Avg length: 20.0,  Avg reward: 6.323492050170898
INFO:root:Episode 2800, Avg length: 20.0,  Avg reward: 6.449213027954102
INFO:root:Episode 2900, Avg length: 20.0,  Avg reward: 6.448566436767578
INFO:root:Episode 3000, Avg length: 20.0,  Avg reward: 6.458017349243164
INFO:root:Episode 3100, Avg length: 20.0,  Avg reward: 6.43919563293457
INFO:root:Episode 3200, Avg length: 20.0,  Avg reward: 6.51309871673584
INFO:root:Episode 3300, Avg length: 20.0,  Avg reward: 6.591095447540283
INFO:root:Episode 3400, Avg length: 20.0,  Avg reward: 6.577754497528076
INFO:root:Episode 3500, Avg length: 20.0,  Avg reward: 6.623007774353027
INFO:root:Episode 3600, Avg length: 20.0,  Avg reward: 6.748485565185547
INFO:root:Episode 3700, Avg length: 20.0,  Avg reward: 6.68149471282959
INFO:root:Episode 3800, Avg length: 20.0,  Avg reward: 6.9401535987854
INFO:root:Episode 3900, Avg length: 20.0,  Avg reward: 6.911310195922852
INFO:root:Episode 4000, Avg length: 20.0,  Avg reward: 6.836397171020508
INFO:root:Episode 4100, Avg length: 20.0,  Avg reward: 7.042716026306152
INFO:root:Episode 4200, Avg length: 20.0,  Avg reward: 6.8880414962768555
INFO:root:Episode 4300, Avg length: 20.0,  Avg reward: 7.079990863800049
INFO:root:Episode 4400, Avg length: 20.0,  Avg reward: 7.039426803588867
INFO:root:Episode 4500, Avg length: 20.0,  Avg reward: 7.150730609893799
INFO:root:Episode 4600, Avg length: 20.0,  Avg reward: 7.188253402709961
INFO:root:Episode 4700, Avg length: 20.0,  Avg reward: 7.214047431945801
INFO:root:Episode 4800, Avg length: 20.0,  Avg reward: 7.248361587524414
INFO:root:Episode 4900, Avg length: 20.0,  Avg reward: 7.465470790863037
INFO:root:Episode 5000, Avg length: 20.0,  Avg reward: 7.429757118225098
INFO:root:Episode 5100, Avg length: 20.0,  Avg reward: 7.471909999847412
INFO:root:Episode 5200, Avg length: 20.0,  Avg reward: 7.528403282165527
INFO:root:Episode 5300, Avg length: 20.0,  Avg reward: 7.5165300369262695
INFO:root:Episode 5400, Avg length: 20.0,  Avg reward: 7.696215629577637
INFO:root:Episode 5500, Avg length: 20.0,  Avg reward: 7.643580436706543
INFO:root:Episode 5600, Avg length: 20.0,  Avg reward: 7.593091011047363
INFO:root:Episode 5700, Avg length: 20.0,  Avg reward: 7.815798759460449
INFO:root:Episode 5800, Avg length: 20.0,  Avg reward: 7.759952545166016
INFO:root:Episode 5900, Avg length: 20.0,  Avg reward: 7.955441474914551
INFO:root:Episode 6000, Avg length: 20.0,  Avg reward: 8.143158912658691
INFO:root:Episode 6100, Avg length: 20.0,  Avg reward: 8.080301284790039
INFO:root:Episode 6200, Avg length: 20.0,  Avg reward: 8.119165420532227
INFO:root:Episode 6300, Avg length: 20.0,  Avg reward: 8.179948806762695
INFO:root:Episode 6400, Avg length: 20.0,  Avg reward: 8.138110160827637
INFO:root:Episode 6500, Avg length: 20.0,  Avg reward: 8.118090629577637
INFO:root:Episode 6600, Avg length: 20.0,  Avg reward: 8.201059341430664
INFO:root:Episode 6700, Avg length: 20.0,  Avg reward: 8.369930267333984
INFO:root:Episode 6800, Avg length: 20.0,  Avg reward: 8.479889869689941
INFO:root:Episode 6900, Avg length: 20.0,  Avg reward: 8.522132873535156
INFO:root:Episode 7000, Avg length: 20.0,  Avg reward: 8.453835487365723
INFO:root:Episode 7100, Avg length: 20.0,  Avg reward: 8.666265487670898
INFO:root:Episode 7200, Avg length: 20.0,  Avg reward: 8.73338508605957
INFO:root:Episode 7300, Avg length: 20.0,  Avg reward: 8.592645645141602
INFO:root:Episode 7400, Avg length: 20.0,  Avg reward: 8.717000961303711
INFO:root:Episode 7500, Avg length: 20.0,  Avg reward: 8.894482612609863
INFO:root:Episode 7600, Avg length: 20.0,  Avg reward: 8.965861320495605
INFO:root:Episode 7700, Avg length: 20.0,  Avg reward: 9.100138664245605
INFO:root:Episode 7800, Avg length: 20.0,  Avg reward: 9.308067321777344
INFO:root:Episode 7900, Avg length: 20.0,  Avg reward: 9.300692558288574
INFO:root:Episode 8000, Avg length: 20.0,  Avg reward: 9.518962860107422
INFO:root:Episode 8100, Avg length: 20.0,  Avg reward: 9.376399993896484
INFO:root:Episode 8200, Avg length: 20.0,  Avg reward: 9.401237487792969
INFO:root:Episode 8300, Avg length: 20.0,  Avg reward: 9.486069679260254
INFO:root:Episode 8400, Avg length: 20.0,  Avg reward: 9.563560485839844
INFO:root:Episode 8500, Avg length: 20.0,  Avg reward: 9.737397193908691
INFO:root:Episode 8600, Avg length: 20.0,  Avg reward: 9.794305801391602
INFO:root:Episode 8700, Avg length: 20.0,  Avg reward: 9.645598411560059
INFO:root:Episode 8800, Avg length: 20.0,  Avg reward: 9.821032524108887
INFO:root:Episode 8900, Avg length: 20.0,  Avg reward: 10.101564407348633
INFO:root:Episode 9000, Avg length: 20.0,  Avg reward: 9.876986503601074
INFO:root:Episode 9100, Avg length: 20.0,  Avg reward: 10.195647239685059
INFO:root:Episode 9200, Avg length: 20.0,  Avg reward: 9.912766456604004
INFO:root:Episode 9300, Avg length: 20.0,  Avg reward: 10.356080055236816
INFO:root:Episode 9400, Avg length: 20.0,  Avg reward: 10.359906196594238
INFO:root:Episode 9500, Avg length: 20.0,  Avg reward: 10.599200248718262
INFO:root:Episode 9600, Avg length: 20.0,  Avg reward: 10.487441062927246
INFO:root:Episode 9700, Avg length: 20.0,  Avg reward: 10.547014236450195
INFO:root:Episode 9800, Avg length: 20.0,  Avg reward: 10.531477928161621
INFO:root:Episode 9900, Avg length: 20.0,  Avg reward: 10.70938491821289
INFO:root:Episode 10000, Avg length: 20.0,  Avg reward: 10.756793975830078
INFO:root:system policy training stop here
INFO:root:Episode 100, Avg length: 20.0,  Avg reward: 5.182078838348389
INFO:root:Episode 200, Avg length: 20.0,  Avg reward: 5.127710342407227
INFO:root:Episode 300, Avg length: 20.0,  Avg reward: 5.157215118408203
INFO:root:Episode 400, Avg length: 20.0,  Avg reward: 5.185216903686523
INFO:root:Episode 500, Avg length: 20.0,  Avg reward: 5.202901840209961
INFO:root:Episode 600, Avg length: 20.0,  Avg reward: 5.312694549560547
INFO:root:Episode 700, Avg length: 20.0,  Avg reward: 5.3207597732543945
INFO:root:Episode 800, Avg length: 20.0,  Avg reward: 5.320615768432617
INFO:root:Episode 900, Avg length: 20.0,  Avg reward: 5.313895225524902
INFO:root:Episode 1000, Avg length: 20.0,  Avg reward: 5.323947906494141
INFO:root:Episode 1100, Avg length: 20.0,  Avg reward: 5.4236979484558105
INFO:root:Episode 1200, Avg length: 20.0,  Avg reward: 5.561909198760986
INFO:root:Episode 1300, Avg length: 20.0,  Avg reward: 5.547895431518555
INFO:root:Episode 1400, Avg length: 20.0,  Avg reward: 5.607855319976807
INFO:root:Episode 1500, Avg length: 20.0,  Avg reward: 5.661886215209961
INFO:root:Episode 1600, Avg length: 20.0,  Avg reward: 5.713433265686035
INFO:root:Episode 1700, Avg length: 20.0,  Avg reward: 5.639730930328369
INFO:root:Episode 1800, Avg length: 20.0,  Avg reward: 5.657258987426758
INFO:root:Episode 1900, Avg length: 20.0,  Avg reward: 5.676880359649658
INFO:root:Episode 2000, Avg length: 20.0,  Avg reward: 5.753577709197998
INFO:root:Episode 2100, Avg length: 20.0,  Avg reward: 5.798986911773682
INFO:root:Episode 2200, Avg length: 20.0,  Avg reward: 5.829345226287842
INFO:root:Episode 2300, Avg length: 20.0,  Avg reward: 5.835394859313965
INFO:root:Episode 2400, Avg length: 20.0,  Avg reward: 5.932248592376709
INFO:root:Episode 2500, Avg length: 20.0,  Avg reward: 5.91057014465332
INFO:root:Episode 2600, Avg length: 20.0,  Avg reward: 5.934206485748291
INFO:root:Episode 2700, Avg length: 20.0,  Avg reward: 6.019731044769287
INFO:root:Episode 2800, Avg length: 20.0,  Avg reward: 6.122117519378662
INFO:root:Episode 2900, Avg length: 20.0,  Avg reward: 6.174833297729492
INFO:root:Episode 3000, Avg length: 20.0,  Avg reward: 6.1320600509643555
INFO:root:Episode 3100, Avg length: 20.0,  Avg reward: 6.182620048522949
INFO:root:Episode 3200, Avg length: 20.0,  Avg reward: 6.233816146850586
INFO:root:Episode 3300, Avg length: 20.0,  Avg reward: 6.254233360290527
INFO:root:Episode 3400, Avg length: 20.0,  Avg reward: 6.245973110198975
INFO:root:Episode 3500, Avg length: 20.0,  Avg reward: 6.372418403625488
INFO:root:Episode 3600, Avg length: 20.0,  Avg reward: 6.3235392570495605
INFO:root:Episode 3700, Avg length: 20.0,  Avg reward: 6.378204345703125
INFO:root:Episode 3800, Avg length: 20.0,  Avg reward: 6.442615509033203
INFO:root:Episode 3900, Avg length: 20.0,  Avg reward: 6.509748935699463
INFO:root:Episode 4000, Avg length: 20.0,  Avg reward: 6.5115437507629395
INFO:root:Episode 4100, Avg length: 20.0,  Avg reward: 6.612429141998291
INFO:root:Episode 4200, Avg length: 20.0,  Avg reward: 6.628798007965088
INFO:root:Episode 4300, Avg length: 20.0,  Avg reward: 6.713372707366943
INFO:root:Episode 4400, Avg length: 20.0,  Avg reward: 6.726928234100342
INFO:root:Episode 4500, Avg length: 20.0,  Avg reward: 6.815067768096924
INFO:root:Episode 4600, Avg length: 20.0,  Avg reward: 6.791193962097168
INFO:root:Episode 4700, Avg length: 20.0,  Avg reward: 6.803445339202881
INFO:root:Episode 4800, Avg length: 20.0,  Avg reward: 6.885591506958008
INFO:root:Episode 4900, Avg length: 20.0,  Avg reward: 6.899277210235596
INFO:root:Episode 5000, Avg length: 20.0,  Avg reward: 6.931497573852539
INFO:root:Episode 5100, Avg length: 20.0,  Avg reward: 7.044239521026611
INFO:root:Episode 5200, Avg length: 20.0,  Avg reward: 6.978240489959717
INFO:root:Episode 5300, Avg length: 20.0,  Avg reward: 7.071197986602783
INFO:root:Episode 5400, Avg length: 20.0,  Avg reward: 7.15682315826416
INFO:root:Episode 5500, Avg length: 20.0,  Avg reward: 7.137289524078369
INFO:root:Episode 5600, Avg length: 20.0,  Avg reward: 7.2496185302734375
INFO:root:Episode 5700, Avg length: 20.0,  Avg reward: 7.187131881713867
INFO:root:Episode 5800, Avg length: 20.0,  Avg reward: 7.2957658767700195
INFO:root:Episode 5900, Avg length: 20.0,  Avg reward: 7.259089946746826
INFO:root:Episode 6000, Avg length: 20.0,  Avg reward: 7.386362075805664
INFO:root:Episode 6100, Avg length: 20.0,  Avg reward: 7.400041103363037
INFO:root:Episode 6200, Avg length: 20.0,  Avg reward: 7.399138927459717
INFO:root:Episode 6300, Avg length: 20.0,  Avg reward: 7.4792704582214355
INFO:root:Episode 6400, Avg length: 20.0,  Avg reward: 7.4445695877075195
INFO:root:Episode 6500, Avg length: 20.0,  Avg reward: 7.560391902923584
INFO:root:Episode 6600, Avg length: 20.0,  Avg reward: 7.594867706298828
INFO:root:Episode 6700, Avg length: 20.0,  Avg reward: 7.5870890617370605
INFO:root:Episode 6800, Avg length: 20.0,  Avg reward: 7.586555004119873
INFO:root:Episode 6900, Avg length: 20.0,  Avg reward: 7.50259256362915
INFO:root:Episode 7000, Avg length: 20.0,  Avg reward: 7.61600399017334
INFO:root:Episode 7100, Avg length: 20.0,  Avg reward: 7.673377513885498
INFO:root:Episode 7200, Avg length: 20.0,  Avg reward: 7.695001602172852
INFO:root:Episode 7300, Avg length: 20.0,  Avg reward: 7.651304721832275
INFO:root:Episode 7400, Avg length: 20.0,  Avg reward: 7.693830490112305
INFO:root:Episode 7500, Avg length: 20.0,  Avg reward: 7.690309524536133
INFO:root:Episode 7600, Avg length: 20.0,  Avg reward: 7.719809055328369
INFO:root:Episode 7700, Avg length: 20.0,  Avg reward: 7.7891740798950195
INFO:root:Episode 7800, Avg length: 20.0,  Avg reward: 7.766335487365723
INFO:root:Episode 7900, Avg length: 20.0,  Avg reward: 7.739624500274658
INFO:root:Episode 8000, Avg length: 20.0,  Avg reward: 7.7226715087890625
INFO:root:Episode 8100, Avg length: 20.0,  Avg reward: 7.771917343139648
INFO:root:Episode 8200, Avg length: 20.0,  Avg reward: 7.706364631652832
INFO:root:Episode 8300, Avg length: 20.0,  Avg reward: 7.7430009841918945
INFO:root:Episode 8400, Avg length: 20.0,  Avg reward: 7.7059173583984375
INFO:root:Episode 8500, Avg length: 20.0,  Avg reward: 7.775599956512451
INFO:root:Episode 8600, Avg length: 20.0,  Avg reward: 7.792297840118408
INFO:root:Episode 8700, Avg length: 20.0,  Avg reward: 7.7677154541015625
INFO:root:Episode 8800, Avg length: 20.0,  Avg reward: 7.819934844970703
INFO:root:Episode 8900, Avg length: 20.0,  Avg reward: 7.802690029144287
INFO:root:Episode 9000, Avg length: 20.0,  Avg reward: 7.856373310089111
INFO:root:Episode 9100, Avg length: 20.0,  Avg reward: 7.841421127319336
INFO:root:Episode 9200, Avg length: 20.0,  Avg reward: 7.817869663238525
INFO:root:Episode 9300, Avg length: 20.0,  Avg reward: 7.85986328125
INFO:root:Episode 9400, Avg length: 20.0,  Avg reward: 7.8526129722595215
INFO:root:Episode 9500, Avg length: 20.0,  Avg reward: 7.865514755249023
INFO:root:Episode 9600, Avg length: 20.0,  Avg reward: 7.809677600860596
INFO:root:Episode 9700, Avg length: 20.0,  Avg reward: 7.859127044677734
INFO:root:Episode 9800, Avg length: 20.0,  Avg reward: 7.825472831726074
INFO:root:Episode 9900, Avg length: 20.0,  Avg reward: 7.844944000244141
INFO:root:Episode 10000, Avg length: 20.0,  Avg reward: 7.866923809051514
INFO:root:Episode 100, Avg length: 20.0,  Avg reward: 7.831873893737793
INFO:root:Episode 200, Avg length: 20.0,  Avg reward: 7.836087703704834
INFO:root:Episode 300, Avg length: 20.0,  Avg reward: 7.885693550109863
INFO:root:Episode 400, Avg length: 20.0,  Avg reward: 7.842143535614014
INFO:root:Episode 500, Avg length: 20.0,  Avg reward: 7.8729681968688965
INFO:root:Episode 600, Avg length: 20.0,  Avg reward: 7.903958320617676
INFO:root:Episode 700, Avg length: 20.0,  Avg reward: 7.950838088989258
INFO:root:Episode 800, Avg length: 20.0,  Avg reward: 7.8552703857421875
INFO:root:Episode 900, Avg length: 20.0,  Avg reward: 7.839700698852539
INFO:root:Episode 1000, Avg length: 20.0,  Avg reward: 7.8852057456970215
INFO:root:Episode 1100, Avg length: 20.0,  Avg reward: 7.871645450592041
INFO:root:Episode 1200, Avg length: 20.0,  Avg reward: 7.9206976890563965
INFO:root:Episode 1300, Avg length: 20.0,  Avg reward: 7.912687301635742
INFO:root:Episode 1400, Avg length: 20.0,  Avg reward: 7.852597236633301
INFO:root:Episode 1500, Avg length: 20.0,  Avg reward: 7.940618991851807
INFO:root:Episode 1600, Avg length: 20.0,  Avg reward: 7.899725437164307
INFO:root:Episode 1700, Avg length: 20.0,  Avg reward: 7.922993183135986
INFO:root:Episode 1800, Avg length: 20.0,  Avg reward: 7.875119686126709
INFO:root:Episode 1900, Avg length: 20.0,  Avg reward: 7.932140350341797
INFO:root:Episode 2000, Avg length: 20.0,  Avg reward: 7.937990188598633
INFO:root:Episode 2100, Avg length: 20.0,  Avg reward: 7.933622360229492
INFO:root:Episode 2200, Avg length: 20.0,  Avg reward: 7.896234512329102
INFO:root:Episode 2300, Avg length: 20.0,  Avg reward: 7.937188625335693
INFO:root:Episode 2400, Avg length: 20.0,  Avg reward: 7.902805805206299
INFO:root:Episode 2500, Avg length: 20.0,  Avg reward: 7.9583635330200195
INFO:root:Episode 2600, Avg length: 20.0,  Avg reward: 7.9019365310668945
INFO:root:Episode 2700, Avg length: 20.0,  Avg reward: 7.922114849090576
INFO:root:Episode 2800, Avg length: 20.0,  Avg reward: 7.928811550140381
INFO:root:Episode 2900, Avg length: 20.0,  Avg reward: 7.884265899658203
INFO:root:Episode 3000, Avg length: 20.0,  Avg reward: 7.884139537811279
INFO:root:Episode 3100, Avg length: 20.0,  Avg reward: 7.960141658782959
INFO:root:Episode 3200, Avg length: 20.0,  Avg reward: 7.938134670257568
INFO:root:Episode 3300, Avg length: 20.0,  Avg reward: 7.945567607879639
INFO:root:Episode 3400, Avg length: 20.0,  Avg reward: 7.9586992263793945
INFO:root:Episode 3500, Avg length: 20.0,  Avg reward: 7.898015022277832
INFO:root:Episode 3600, Avg length: 20.0,  Avg reward: 7.916121006011963
INFO:root:Episode 3700, Avg length: 20.0,  Avg reward: 7.960299015045166
INFO:root:Episode 3800, Avg length: 20.0,  Avg reward: 7.937837600708008
INFO:root:Episode 3900, Avg length: 20.0,  Avg reward: 7.883437633514404
INFO:root:Episode 4000, Avg length: 20.0,  Avg reward: 7.948058605194092
INFO:root:Episode 4100, Avg length: 20.0,  Avg reward: 7.912696361541748
INFO:root:Episode 4200, Avg length: 20.0,  Avg reward: 7.946035385131836
INFO:root:Episode 4300, Avg length: 20.0,  Avg reward: 7.928267955780029
INFO:root:Episode 4400, Avg length: 20.0,  Avg reward: 7.945548057556152
INFO:root:Episode 4500, Avg length: 20.0,  Avg reward: 7.901225566864014
INFO:root:Episode 4600, Avg length: 20.0,  Avg reward: 7.937605381011963
INFO:root:Episode 4700, Avg length: 20.0,  Avg reward: 7.9279465675354
INFO:root:Episode 4800, Avg length: 20.0,  Avg reward: 7.961558818817139
INFO:root:Episode 4900, Avg length: 20.0,  Avg reward: 7.942434787750244
INFO:root:Episode 5000, Avg length: 20.0,  Avg reward: 7.958016395568848
INFO:root:Episode 5100, Avg length: 20.0,  Avg reward: 7.911371231079102
INFO:root:Episode 5200, Avg length: 20.0,  Avg reward: 7.958158493041992
INFO:root:Episode 5300, Avg length: 20.0,  Avg reward: 7.931913375854492
INFO:root:Episode 5400, Avg length: 20.0,  Avg reward: 7.92000675201416
INFO:root:Episode 5500, Avg length: 20.0,  Avg reward: 7.907160758972168
INFO:root:Episode 5600, Avg length: 20.0,  Avg reward: 7.935737133026123
INFO:root:Episode 5700, Avg length: 20.0,  Avg reward: 7.917346954345703
INFO:root:Episode 5800, Avg length: 20.0,  Avg reward: 7.8673624992370605
INFO:root:Episode 5900, Avg length: 20.0,  Avg reward: 7.977332592010498
INFO:root:Episode 6000, Avg length: 20.0,  Avg reward: 7.946409225463867
INFO:root:Episode 6100, Avg length: 20.0,  Avg reward: 7.946820259094238
INFO:root:Episode 6200, Avg length: 20.0,  Avg reward: 7.971323013305664
INFO:root:Episode 6300, Avg length: 20.0,  Avg reward: 7.98214054107666
INFO:root:Episode 6400, Avg length: 20.0,  Avg reward: 7.936725616455078
INFO:root:Episode 6500, Avg length: 20.0,  Avg reward: 7.877292633056641
INFO:root:Episode 6600, Avg length: 20.0,  Avg reward: 7.925753116607666
INFO:root:Episode 6700, Avg length: 20.0,  Avg reward: 7.952416896820068
INFO:root:Episode 6800, Avg length: 20.0,  Avg reward: 7.979378700256348
INFO:root:Episode 6900, Avg length: 20.0,  Avg reward: 7.969592094421387
INFO:root:Episode 7000, Avg length: 20.0,  Avg reward: 7.9687371253967285
INFO:root:Episode 7100, Avg length: 20.0,  Avg reward: 8.008243560791016
INFO:root:Episode 7200, Avg length: 20.0,  Avg reward: 7.9738688468933105
INFO:root:Episode 7300, Avg length: 20.0,  Avg reward: 7.954877853393555
INFO:root:Episode 7400, Avg length: 20.0,  Avg reward: 7.959362030029297
INFO:root:Episode 7500, Avg length: 20.0,  Avg reward: 7.978198051452637
INFO:root:Episode 7600, Avg length: 20.0,  Avg reward: 8.026721954345703
INFO:root:Episode 7700, Avg length: 20.0,  Avg reward: 7.9752326011657715
INFO:root:Episode 7800, Avg length: 20.0,  Avg reward: 7.964766979217529
INFO:root:Episode 7900, Avg length: 20.0,  Avg reward: 7.957945346832275
INFO:root:Episode 8000, Avg length: 20.0,  Avg reward: 7.918859958648682
INFO:root:Episode 8100, Avg length: 20.0,  Avg reward: 7.943057060241699
INFO:root:Episode 8200, Avg length: 20.0,  Avg reward: 7.9990620613098145
INFO:root:Episode 8300, Avg length: 20.0,  Avg reward: 7.977930068969727
INFO:root:Episode 8400, Avg length: 20.0,  Avg reward: 7.940738677978516
INFO:root:Episode 8500, Avg length: 20.0,  Avg reward: 7.953711032867432
INFO:root:Episode 8600, Avg length: 20.0,  Avg reward: 8.005663871765137
INFO:root:Episode 8700, Avg length: 20.0,  Avg reward: 7.946157932281494
INFO:root:Episode 8800, Avg length: 20.0,  Avg reward: 7.97104024887085
INFO:root:Episode 8900, Avg length: 20.0,  Avg reward: 7.964911460876465
INFO:root:Episode 9000, Avg length: 20.0,  Avg reward: 7.967648506164551
INFO:root:Episode 9100, Avg length: 20.0,  Avg reward: 7.952661037445068
INFO:root:Episode 9200, Avg length: 20.0,  Avg reward: 7.967533111572266
INFO:root:Episode 9300, Avg length: 20.0,  Avg reward: 7.960392951965332
INFO:root:Episode 9400, Avg length: 20.0,  Avg reward: 7.9551801681518555
INFO:root:Episode 9500, Avg length: 20.0,  Avg reward: 7.946276664733887
INFO:root:Episode 9600, Avg length: 20.0,  Avg reward: 7.962752819061279
INFO:root:Episode 9700, Avg length: 20.0,  Avg reward: 7.950021266937256
INFO:root:Episode 9800, Avg length: 20.0,  Avg reward: 7.946194648742676
INFO:root:Episode 9900, Avg length: 20.0,  Avg reward: 7.9732232093811035
INFO:root:Episode 10000, Avg length: 20.0,  Avg reward: 7.955519199371338
INFO:root:user policy training stop here
INFO:root:Episode 100, Avg length: 20.0,  Avg reward: 11.9979887008667
INFO:root:Episode 200, Avg length: 20.0,  Avg reward: 12.275734901428223
INFO:root:Episode 300, Avg length: 20.0,  Avg reward: 12.346175193786621
INFO:root:Episode 400, Avg length: 20.0,  Avg reward: 12.441645622253418
INFO:root:Episode 500, Avg length: 20.0,  Avg reward: 12.637600898742676
INFO:root:Episode 600, Avg length: 20.0,  Avg reward: 12.627291679382324
INFO:root:Episode 700, Avg length: 20.0,  Avg reward: 13.005141258239746
INFO:root:Episode 800, Avg length: 20.0,  Avg reward: 12.983654975891113
INFO:root:Episode 900, Avg length: 20.0,  Avg reward: 12.962599754333496
INFO:root:Episode 1000, Avg length: 20.0,  Avg reward: 13.331496238708496
INFO:root:Episode 1100, Avg length: 20.0,  Avg reward: 13.468777656555176
INFO:root:Episode 1200, Avg length: 20.0,  Avg reward: 13.465435981750488
INFO:root:Episode 1300, Avg length: 20.0,  Avg reward: 13.531423568725586
INFO:root:Episode 1400, Avg length: 20.0,  Avg reward: 13.636734962463379
INFO:root:Episode 1500, Avg length: 20.0,  Avg reward: 13.760236740112305
INFO:root:Episode 1600, Avg length: 20.0,  Avg reward: 13.921128273010254
INFO:root:Episode 1700, Avg length: 20.0,  Avg reward: 14.184337615966797
INFO:root:Episode 1800, Avg length: 20.0,  Avg reward: 14.326769828796387
INFO:root:Episode 1900, Avg length: 20.0,  Avg reward: 14.345431327819824
INFO:root:Episode 2000, Avg length: 20.0,  Avg reward: 14.30853271484375
INFO:root:Episode 2100, Avg length: 20.0,  Avg reward: 14.42260456085205
INFO:root:Episode 2200, Avg length: 20.0,  Avg reward: 14.360316276550293
INFO:root:Episode 2300, Avg length: 20.0,  Avg reward: 14.511829376220703
INFO:root:Episode 2400, Avg length: 20.0,  Avg reward: 14.774791717529297
INFO:root:Episode 2500, Avg length: 20.0,  Avg reward: 14.817285537719727
INFO:root:Episode 2600, Avg length: 20.0,  Avg reward: 14.982630729675293
INFO:root:Episode 2700, Avg length: 20.0,  Avg reward: 14.941722869873047
INFO:root:Episode 2800, Avg length: 20.0,  Avg reward: 15.223492622375488
INFO:root:Episode 2900, Avg length: 20.0,  Avg reward: 15.333779335021973
INFO:root:Episode 3000, Avg length: 20.0,  Avg reward: 15.286190032958984
INFO:root:Episode 3100, Avg length: 20.0,  Avg reward: 15.157898902893066
INFO:root:Episode 3200, Avg length: 20.0,  Avg reward: 15.271162986755371
INFO:root:Episode 3300, Avg length: 20.0,  Avg reward: 15.69467544555664
INFO:root:Episode 3400, Avg length: 20.0,  Avg reward: 15.68564224243164
INFO:root:Episode 3500, Avg length: 20.0,  Avg reward: 15.714709281921387
INFO:root:Episode 3600, Avg length: 20.0,  Avg reward: 16.11737823486328
INFO:root:Episode 3700, Avg length: 20.0,  Avg reward: 16.130455017089844
INFO:root:Episode 3800, Avg length: 20.0,  Avg reward: 16.001419067382812
INFO:root:Episode 3900, Avg length: 20.0,  Avg reward: 16.373394012451172
INFO:root:Episode 4000, Avg length: 20.0,  Avg reward: 16.623245239257812
INFO:root:Episode 4100, Avg length: 20.0,  Avg reward: 16.662538528442383
INFO:root:Episode 4200, Avg length: 20.0,  Avg reward: 16.647722244262695
INFO:root:Episode 4300, Avg length: 20.0,  Avg reward: 16.65146255493164
INFO:root:Episode 4400, Avg length: 20.0,  Avg reward: 16.811315536499023
INFO:root:Episode 4500, Avg length: 20.0,  Avg reward: 16.983625411987305
INFO:root:Episode 4600, Avg length: 20.0,  Avg reward: 16.98019027709961
INFO:root:Episode 4700, Avg length: 20.0,  Avg reward: 17.141408920288086
INFO:root:Episode 4800, Avg length: 20.0,  Avg reward: 17.126401901245117
INFO:root:Episode 4900, Avg length: 20.0,  Avg reward: 17.113243103027344
INFO:root:Episode 5000, Avg length: 20.0,  Avg reward: 17.03907585144043
INFO:root:Episode 5100, Avg length: 20.0,  Avg reward: 17.114469528198242
INFO:root:Episode 5200, Avg length: 20.0,  Avg reward: 17.553064346313477
INFO:root:Episode 5300, Avg length: 20.0,  Avg reward: 17.61625099182129
INFO:root:Episode 5400, Avg length: 20.0,  Avg reward: 17.6888427734375
INFO:root:Episode 5500, Avg length: 20.0,  Avg reward: 17.86066246032715
INFO:root:Episode 5600, Avg length: 20.0,  Avg reward: 17.823137283325195
INFO:root:Episode 5700, Avg length: 20.0,  Avg reward: 17.8907470703125
INFO:root:Episode 5800, Avg length: 20.0,  Avg reward: 18.22670555114746
INFO:root:Episode 5900, Avg length: 20.0,  Avg reward: 18.10030174255371
INFO:root:Episode 6000, Avg length: 20.0,  Avg reward: 18.177452087402344
INFO:root:Episode 6100, Avg length: 20.0,  Avg reward: 18.18025016784668
INFO:root:Episode 6200, Avg length: 20.0,  Avg reward: 18.426551818847656
INFO:root:Episode 6300, Avg length: 20.0,  Avg reward: 18.448450088500977
INFO:root:Episode 6400, Avg length: 20.0,  Avg reward: 18.82027816772461
INFO:root:Episode 6500, Avg length: 20.0,  Avg reward: 18.405664443969727
INFO:root:Episode 6600, Avg length: 20.0,  Avg reward: 18.761653900146484
INFO:root:Episode 6700, Avg length: 20.0,  Avg reward: 18.754528045654297
INFO:root:Episode 6800, Avg length: 20.0,  Avg reward: 18.853588104248047
INFO:root:Episode 6900, Avg length: 20.0,  Avg reward: 18.87984275817871
INFO:root:Episode 7000, Avg length: 20.0,  Avg reward: 19.182645797729492
INFO:root:Episode 7100, Avg length: 20.0,  Avg reward: 18.956787109375
INFO:root:Episode 7200, Avg length: 20.0,  Avg reward: 19.20049476623535
INFO:root:Episode 7300, Avg length: 20.0,  Avg reward: 19.082237243652344
INFO:root:Episode 7400, Avg length: 20.0,  Avg reward: 19.291221618652344
INFO:root:Episode 7500, Avg length: 20.0,  Avg reward: 18.96495819091797
INFO:root:Episode 7600, Avg length: 20.0,  Avg reward: 19.365293502807617
INFO:root:Episode 7700, Avg length: 20.0,  Avg reward: 19.08649444580078
INFO:root:Episode 7800, Avg length: 20.0,  Avg reward: 19.041963577270508
INFO:root:Episode 7900, Avg length: 20.0,  Avg reward: 19.544069290161133
INFO:root:Episode 8000, Avg length: 20.0,  Avg reward: 19.37139320373535
INFO:root:Episode 8100, Avg length: 20.0,  Avg reward: 19.278301239013672
INFO:root:Episode 8200, Avg length: 20.0,  Avg reward: 19.16975212097168
INFO:root:Episode 8300, Avg length: 20.0,  Avg reward: 19.440025329589844
INFO:root:Episode 8400, Avg length: 20.0,  Avg reward: 19.458078384399414
INFO:root:Episode 8500, Avg length: 20.0,  Avg reward: 19.562074661254883
INFO:root:Episode 8600, Avg length: 20.0,  Avg reward: 19.58594512939453
INFO:root:Episode 8700, Avg length: 20.0,  Avg reward: 19.68126106262207
INFO:root:Episode 8800, Avg length: 20.0,  Avg reward: 20.014333724975586
INFO:root:Episode 8900, Avg length: 20.0,  Avg reward: 19.869335174560547
INFO:root:Episode 9000, Avg length: 20.0,  Avg reward: 19.90041160583496
INFO:root:Episode 9100, Avg length: 20.0,  Avg reward: 19.855905532836914
INFO:root:Episode 9200, Avg length: 20.0,  Avg reward: 19.848587036132812
INFO:root:Episode 9300, Avg length: 20.0,  Avg reward: 19.98084259033203
INFO:root:Episode 9400, Avg length: 20.0,  Avg reward: 19.994874954223633
INFO:root:Episode 9500, Avg length: 20.0,  Avg reward: 20.052701950073242
INFO:root:Episode 9600, Avg length: 20.0,  Avg reward: 20.0886287689209
INFO:root:Episode 9700, Avg length: 20.0,  Avg reward: 20.249109268188477
INFO:root:Episode 9800, Avg length: 20.0,  Avg reward: 20.569116592407227
INFO:root:Episode 9900, Avg length: 20.0,  Avg reward: 20.40996742248535
INFO:root:Episode 10000, Avg length: 20.0,  Avg reward: 20.703231811523438
INFO:root:system policy training stop here
INFO:root:Episode 100, Avg length: 20.0,  Avg reward: 17.2705135345459
INFO:root:Episode 200, Avg length: 20.0,  Avg reward: 17.278017044067383
INFO:root:Episode 300, Avg length: 20.0,  Avg reward: 17.22234344482422
INFO:root:Episode 400, Avg length: 20.0,  Avg reward: 17.260971069335938
INFO:root:Episode 500, Avg length: 20.0,  Avg reward: 17.2901554107666
INFO:root:Episode 600, Avg length: 20.0,  Avg reward: 17.241138458251953
INFO:root:Episode 700, Avg length: 20.0,  Avg reward: 17.200992584228516
INFO:root:Episode 800, Avg length: 20.0,  Avg reward: 17.254384994506836
INFO:root:Episode 900, Avg length: 20.0,  Avg reward: 17.282474517822266
INFO:root:Episode 1000, Avg length: 20.0,  Avg reward: 17.219240188598633
INFO:root:Episode 1100, Avg length: 20.0,  Avg reward: 17.249042510986328
INFO:root:Episode 1200, Avg length: 20.0,  Avg reward: 17.19731903076172
INFO:root:Episode 1300, Avg length: 20.0,  Avg reward: 17.208335876464844
INFO:root:Episode 1400, Avg length: 20.0,  Avg reward: 17.21723747253418
INFO:root:Episode 1500, Avg length: 20.0,  Avg reward: 17.211078643798828
INFO:root:Episode 1600, Avg length: 20.0,  Avg reward: 17.198244094848633
INFO:root:Episode 1700, Avg length: 20.0,  Avg reward: 17.298797607421875
INFO:root:Episode 1800, Avg length: 20.0,  Avg reward: 17.211780548095703
INFO:root:Episode 1900, Avg length: 20.0,  Avg reward: 17.193161010742188
INFO:root:Episode 2000, Avg length: 20.0,  Avg reward: 17.252290725708008
INFO:root:Episode 2100, Avg length: 20.0,  Avg reward: 17.220237731933594
INFO:root:Episode 2200, Avg length: 20.0,  Avg reward: 17.2412166595459
INFO:root:Episode 2300, Avg length: 20.0,  Avg reward: 17.222610473632812
INFO:root:Episode 2400, Avg length: 20.0,  Avg reward: 17.227140426635742
INFO:root:Episode 2500, Avg length: 20.0,  Avg reward: 17.22433090209961
INFO:root:Episode 2600, Avg length: 20.0,  Avg reward: 17.2382755279541
INFO:root:Episode 2700, Avg length: 20.0,  Avg reward: 17.234132766723633
INFO:root:Episode 2800, Avg length: 20.0,  Avg reward: 17.238750457763672
INFO:root:Episode 2900, Avg length: 20.0,  Avg reward: 17.15129280090332
INFO:root:Episode 3000, Avg length: 20.0,  Avg reward: 17.284818649291992
INFO:root:Episode 3100, Avg length: 20.0,  Avg reward: 17.14690399169922
INFO:root:Episode 3200, Avg length: 20.0,  Avg reward: 17.224172592163086
INFO:root:Episode 3300, Avg length: 20.0,  Avg reward: 17.174148559570312
INFO:root:Episode 3400, Avg length: 20.0,  Avg reward: 17.198144912719727
INFO:root:Episode 3500, Avg length: 20.0,  Avg reward: 17.201688766479492
INFO:root:Episode 3600, Avg length: 20.0,  Avg reward: 17.171838760375977
INFO:root:Episode 3700, Avg length: 20.0,  Avg reward: 17.189136505126953
INFO:root:Episode 3800, Avg length: 20.0,  Avg reward: 17.27519989013672
INFO:root:Episode 3900, Avg length: 20.0,  Avg reward: 17.26093292236328
INFO:root:Episode 4000, Avg length: 20.0,  Avg reward: 17.221925735473633
INFO:root:Episode 4100, Avg length: 20.0,  Avg reward: 17.13399314880371
INFO:root:Episode 4200, Avg length: 20.0,  Avg reward: 17.226634979248047
INFO:root:Episode 4300, Avg length: 20.0,  Avg reward: 17.250207901000977
INFO:root:Episode 4400, Avg length: 20.0,  Avg reward: 17.249000549316406
INFO:root:Episode 4500, Avg length: 20.0,  Avg reward: 17.238073348999023
INFO:root:Episode 4600, Avg length: 20.0,  Avg reward: 17.249862670898438
INFO:root:Episode 4700, Avg length: 20.0,  Avg reward: 17.218799591064453
INFO:root:Episode 4800, Avg length: 20.0,  Avg reward: 17.290748596191406
INFO:root:Episode 4900, Avg length: 20.0,  Avg reward: 17.225873947143555
INFO:root:Episode 5000, Avg length: 20.0,  Avg reward: 17.266340255737305
INFO:root:Episode 5100, Avg length: 20.0,  Avg reward: 17.238910675048828
INFO:root:Episode 5200, Avg length: 20.0,  Avg reward: 17.27067756652832
INFO:root:Episode 5300, Avg length: 20.0,  Avg reward: 17.215051651000977
INFO:root:Episode 5400, Avg length: 20.0,  Avg reward: 17.287805557250977
INFO:root:Episode 5500, Avg length: 20.0,  Avg reward: 17.270933151245117
INFO:root:Episode 5600, Avg length: 20.0,  Avg reward: 17.269153594970703
INFO:root:Episode 5700, Avg length: 20.0,  Avg reward: 17.224750518798828
INFO:root:Episode 5800, Avg length: 20.0,  Avg reward: 17.342124938964844
INFO:root:Episode 5900, Avg length: 20.0,  Avg reward: 17.299285888671875
INFO:root:Episode 6000, Avg length: 20.0,  Avg reward: 17.2714900970459
INFO:root:Episode 6100, Avg length: 20.0,  Avg reward: 17.267946243286133
INFO:root:Episode 6200, Avg length: 20.0,  Avg reward: 17.313756942749023
INFO:root:Episode 6300, Avg length: 20.0,  Avg reward: 17.28931427001953
INFO:root:Episode 6400, Avg length: 20.0,  Avg reward: 17.279335021972656
INFO:root:Episode 6500, Avg length: 20.0,  Avg reward: 17.270116806030273
INFO:root:Episode 6600, Avg length: 20.0,  Avg reward: 17.296478271484375
INFO:root:Episode 6700, Avg length: 20.0,  Avg reward: 17.256481170654297
INFO:root:Episode 6800, Avg length: 20.0,  Avg reward: 17.296215057373047
INFO:root:Episode 6900, Avg length: 20.0,  Avg reward: 17.294715881347656
INFO:root:Episode 7000, Avg length: 20.0,  Avg reward: 17.3019962310791
INFO:root:Episode 7100, Avg length: 20.0,  Avg reward: 17.253620147705078
INFO:root:Episode 7200, Avg length: 20.0,  Avg reward: 17.261363983154297
INFO:root:Episode 7300, Avg length: 20.0,  Avg reward: 17.295940399169922
INFO:root:Episode 7400, Avg length: 20.0,  Avg reward: 17.241701126098633
INFO:root:Episode 7500, Avg length: 20.0,  Avg reward: 17.270204544067383
INFO:root:Episode 7600, Avg length: 20.0,  Avg reward: 17.269222259521484
INFO:root:Episode 7700, Avg length: 20.0,  Avg reward: 17.298446655273438
INFO:root:Episode 7800, Avg length: 20.0,  Avg reward: 17.28856658935547
INFO:root:Episode 7900, Avg length: 20.0,  Avg reward: 17.285654067993164
INFO:root:Episode 8000, Avg length: 20.0,  Avg reward: 17.216123580932617
INFO:root:Episode 8100, Avg length: 20.0,  Avg reward: 17.177766799926758
INFO:root:Episode 8200, Avg length: 20.0,  Avg reward: 17.303321838378906
INFO:root:Episode 8300, Avg length: 20.0,  Avg reward: 17.11888885498047
INFO:root:Episode 8400, Avg length: 20.0,  Avg reward: 17.29066276550293
INFO:root:Episode 8500, Avg length: 20.0,  Avg reward: 17.15528106689453
INFO:root:Episode 8600, Avg length: 20.0,  Avg reward: 17.217424392700195
INFO:root:Episode 8700, Avg length: 20.0,  Avg reward: 17.225278854370117
INFO:root:Episode 8800, Avg length: 20.0,  Avg reward: 17.233417510986328
INFO:root:Episode 8900, Avg length: 20.0,  Avg reward: 17.236282348632812
INFO:root:Episode 9000, Avg length: 20.0,  Avg reward: 17.23495864868164
INFO:root:Episode 9100, Avg length: 20.0,  Avg reward: 17.254087448120117
INFO:root:Episode 9200, Avg length: 20.0,  Avg reward: 17.207265853881836
INFO:root:Episode 9300, Avg length: 20.0,  Avg reward: 17.2390193939209
INFO:root:Episode 9400, Avg length: 20.0,  Avg reward: 17.192123413085938
INFO:root:Episode 9500, Avg length: 20.0,  Avg reward: 17.177221298217773
INFO:root:Episode 9600, Avg length: 20.0,  Avg reward: 17.217376708984375
INFO:root:Episode 9700, Avg length: 20.0,  Avg reward: 17.242530822753906
INFO:root:Episode 9800, Avg length: 20.0,  Avg reward: 17.230405807495117
INFO:root:Episode 9900, Avg length: 20.0,  Avg reward: 17.286476135253906
INFO:root:Episode 10000, Avg length: 20.0,  Avg reward: 17.299531936645508
INFO:root:Episode 100, Avg length: 20.0,  Avg reward: 17.179914474487305
INFO:root:Episode 200, Avg length: 20.0,  Avg reward: 17.260461807250977
INFO:root:Episode 300, Avg length: 20.0,  Avg reward: 17.334365844726562
INFO:root:Episode 400, Avg length: 20.0,  Avg reward: 17.222620010375977
INFO:root:Episode 500, Avg length: 20.0,  Avg reward: 17.220232009887695
INFO:root:Episode 600, Avg length: 20.0,  Avg reward: 17.26006317138672
INFO:root:Episode 700, Avg length: 20.0,  Avg reward: 17.1522216796875
INFO:root:Episode 800, Avg length: 20.0,  Avg reward: 17.23908233642578
INFO:root:Episode 900, Avg length: 20.0,  Avg reward: 17.24041175842285
INFO:root:Episode 1000, Avg length: 20.0,  Avg reward: 17.1623477935791
INFO:root:Episode 1100, Avg length: 20.0,  Avg reward: 17.212305068969727
INFO:root:Episode 1200, Avg length: 20.0,  Avg reward: 17.161964416503906
INFO:root:Episode 1300, Avg length: 20.0,  Avg reward: 17.178884506225586
INFO:root:Episode 1400, Avg length: 20.0,  Avg reward: 17.13164520263672
INFO:root:Episode 1500, Avg length: 20.0,  Avg reward: 17.193714141845703
INFO:root:Episode 1600, Avg length: 20.0,  Avg reward: 17.200817108154297
INFO:root:Episode 1700, Avg length: 20.0,  Avg reward: 17.195940017700195
INFO:root:Episode 1800, Avg length: 20.0,  Avg reward: 17.25042152404785
INFO:root:Episode 1900, Avg length: 20.0,  Avg reward: 17.241426467895508
INFO:root:Episode 2000, Avg length: 20.0,  Avg reward: 17.1513671875
INFO:root:Episode 2100, Avg length: 20.0,  Avg reward: 17.173988342285156
INFO:root:Episode 2200, Avg length: 20.0,  Avg reward: 17.207962036132812
INFO:root:Episode 2300, Avg length: 20.0,  Avg reward: 17.195236206054688
INFO:root:Episode 2400, Avg length: 20.0,  Avg reward: 17.17154884338379
INFO:root:Episode 2500, Avg length: 20.0,  Avg reward: 17.162944793701172
INFO:root:Episode 2600, Avg length: 20.0,  Avg reward: 17.158159255981445
INFO:root:Episode 2700, Avg length: 20.0,  Avg reward: 17.144437789916992
INFO:root:Episode 2800, Avg length: 20.0,  Avg reward: 17.13734245300293
INFO:root:Episode 2900, Avg length: 20.0,  Avg reward: 17.09925079345703
INFO:root:Episode 3000, Avg length: 20.0,  Avg reward: 17.09825897216797
INFO:root:Episode 3100, Avg length: 20.0,  Avg reward: 17.12635040283203
INFO:root:Episode 3200, Avg length: 20.0,  Avg reward: 17.087358474731445
INFO:root:Episode 3300, Avg length: 20.0,  Avg reward: 17.08575439453125
INFO:root:Episode 3400, Avg length: 20.0,  Avg reward: 17.08774185180664
INFO:root:Episode 3500, Avg length: 20.0,  Avg reward: 17.135334014892578
INFO:root:Episode 3600, Avg length: 20.0,  Avg reward: 17.060884475708008
INFO:root:Episode 3700, Avg length: 20.0,  Avg reward: 17.112751007080078
INFO:root:Episode 3800, Avg length: 20.0,  Avg reward: 17.173141479492188
INFO:root:Episode 3900, Avg length: 20.0,  Avg reward: 17.182884216308594
INFO:root:Episode 4000, Avg length: 20.0,  Avg reward: 17.15929412841797
INFO:root:Episode 4100, Avg length: 20.0,  Avg reward: 17.123336791992188
INFO:root:Episode 4200, Avg length: 20.0,  Avg reward: 17.078006744384766
INFO:root:Episode 4300, Avg length: 20.0,  Avg reward: 17.094547271728516
INFO:root:Episode 4400, Avg length: 20.0,  Avg reward: 17.082965850830078
INFO:root:Episode 4500, Avg length: 20.0,  Avg reward: 17.161529541015625
INFO:root:Episode 4600, Avg length: 20.0,  Avg reward: 17.224254608154297
INFO:root:Episode 4700, Avg length: 20.0,  Avg reward: 17.095239639282227
INFO:root:Episode 4800, Avg length: 20.0,  Avg reward: 17.205738067626953
INFO:root:Episode 4900, Avg length: 20.0,  Avg reward: 17.11739730834961
INFO:root:Episode 5000, Avg length: 20.0,  Avg reward: 17.179824829101562
INFO:root:Episode 5100, Avg length: 20.0,  Avg reward: 17.133445739746094
INFO:root:Episode 5200, Avg length: 20.0,  Avg reward: 17.064786911010742
INFO:root:Episode 5300, Avg length: 20.0,  Avg reward: 17.117202758789062
INFO:root:Episode 5400, Avg length: 20.0,  Avg reward: 17.067373275756836
INFO:root:Episode 5500, Avg length: 20.0,  Avg reward: 17.107215881347656
INFO:root:Episode 5600, Avg length: 20.0,  Avg reward: 17.104331970214844
INFO:root:Episode 5700, Avg length: 20.0,  Avg reward: 17.09325408935547
INFO:root:Episode 5800, Avg length: 20.0,  Avg reward: 17.14759063720703
INFO:root:Episode 5900, Avg length: 20.0,  Avg reward: 17.132511138916016
INFO:root:Episode 6000, Avg length: 20.0,  Avg reward: 17.143781661987305
INFO:root:Episode 6100, Avg length: 20.0,  Avg reward: 17.109081268310547
INFO:root:Episode 6200, Avg length: 20.0,  Avg reward: 17.07723045349121
INFO:root:Episode 6300, Avg length: 20.0,  Avg reward: 17.143972396850586
INFO:root:Episode 6400, Avg length: 20.0,  Avg reward: 17.142091751098633
INFO:root:Episode 6500, Avg length: 20.0,  Avg reward: 17.180599212646484
INFO:root:Episode 6600, Avg length: 20.0,  Avg reward: 17.146657943725586
INFO:root:Episode 6700, Avg length: 20.0,  Avg reward: 16.98491859436035
INFO:root:Episode 6800, Avg length: 20.0,  Avg reward: 17.1289005279541
INFO:root:Episode 6900, Avg length: 20.0,  Avg reward: 17.109939575195312
INFO:root:Episode 7000, Avg length: 20.0,  Avg reward: 17.10760498046875
INFO:root:Episode 7100, Avg length: 20.0,  Avg reward: 17.077669143676758
INFO:root:Episode 7200, Avg length: 20.0,  Avg reward: 17.030628204345703
INFO:root:Episode 7300, Avg length: 20.0,  Avg reward: 17.126445770263672
INFO:root:Episode 7400, Avg length: 20.0,  Avg reward: 17.061878204345703
INFO:root:Episode 7500, Avg length: 20.0,  Avg reward: 17.117488861083984
INFO:root:Episode 7600, Avg length: 20.0,  Avg reward: 17.116647720336914
INFO:root:Episode 7700, Avg length: 20.0,  Avg reward: 17.098787307739258
INFO:root:Episode 7800, Avg length: 20.0,  Avg reward: 17.109519958496094
INFO:root:Episode 7900, Avg length: 20.0,  Avg reward: 17.124267578125
INFO:root:Episode 8000, Avg length: 20.0,  Avg reward: 17.175928115844727
INFO:root:Episode 8100, Avg length: 20.0,  Avg reward: 17.242345809936523
INFO:root:Episode 8200, Avg length: 20.0,  Avg reward: 17.187044143676758
INFO:root:Episode 8300, Avg length: 20.0,  Avg reward: 17.191200256347656
INFO:root:Episode 8400, Avg length: 20.0,  Avg reward: 17.1750545501709
INFO:root:Episode 8500, Avg length: 20.0,  Avg reward: 17.246572494506836
INFO:root:Episode 8600, Avg length: 20.0,  Avg reward: 17.114465713500977
INFO:root:Episode 8700, Avg length: 20.0,  Avg reward: 17.235759735107422
INFO:root:Episode 8800, Avg length: 20.0,  Avg reward: 17.178733825683594
INFO:root:Episode 8900, Avg length: 20.0,  Avg reward: 17.158384323120117
INFO:root:Episode 9000, Avg length: 20.0,  Avg reward: 17.176725387573242
INFO:root:Episode 9100, Avg length: 20.0,  Avg reward: 17.1779727935791
INFO:root:Episode 9200, Avg length: 20.0,  Avg reward: 17.236255645751953
INFO:root:Episode 9300, Avg length: 20.0,  Avg reward: 17.209945678710938
INFO:root:Episode 9400, Avg length: 20.0,  Avg reward: 17.19109344482422
INFO:root:Episode 9500, Avg length: 20.0,  Avg reward: 17.176555633544922
INFO:root:Episode 9600, Avg length: 20.0,  Avg reward: 17.183629989624023
INFO:root:Episode 9700, Avg length: 20.0,  Avg reward: 17.23972511291504
INFO:root:Episode 9800, Avg length: 20.0,  Avg reward: 17.197904586791992
INFO:root:Episode 9900, Avg length: 20.0,  Avg reward: 17.203664779663086
INFO:root:Episode 10000, Avg length: 20.0,  Avg reward: 17.198579788208008
INFO:root:user policy training stop here
INFO:root:Episode 100, Avg length: 20.0,  Avg reward: 20.40604591369629
INFO:root:Episode 200, Avg length: 20.0,  Avg reward: 20.34760856628418
INFO:root:Episode 300, Avg length: 20.0,  Avg reward: 20.769973754882812
INFO:root:Episode 400, Avg length: 20.0,  Avg reward: 20.770835876464844
INFO:root:Episode 500, Avg length: 20.0,  Avg reward: 20.394651412963867
INFO:root:Episode 600, Avg length: 20.0,  Avg reward: 20.6033992767334
INFO:root:Episode 700, Avg length: 20.0,  Avg reward: 20.4854793548584
INFO:root:Episode 800, Avg length: 20.0,  Avg reward: 20.452259063720703
INFO:root:Episode 900, Avg length: 20.0,  Avg reward: 20.791845321655273
INFO:root:Episode 1000, Avg length: 20.0,  Avg reward: 20.897804260253906
INFO:root:Episode 1100, Avg length: 20.0,  Avg reward: 20.94774627685547
INFO:root:Episode 1200, Avg length: 20.0,  Avg reward: 20.546279907226562
INFO:root:Episode 1300, Avg length: 20.0,  Avg reward: 21.06688690185547
INFO:root:Episode 1400, Avg length: 20.0,  Avg reward: 21.087003707885742
INFO:root:Episode 1500, Avg length: 20.0,  Avg reward: 20.658069610595703
INFO:root:Episode 1600, Avg length: 20.0,  Avg reward: 20.97479248046875
INFO:root:Episode 1700, Avg length: 20.0,  Avg reward: 20.985780715942383
INFO:root:Episode 1800, Avg length: 20.0,  Avg reward: 21.085153579711914
INFO:root:Episode 1900, Avg length: 20.0,  Avg reward: 21.169631958007812
INFO:root:Episode 2000, Avg length: 20.0,  Avg reward: 21.093852996826172
INFO:root:Episode 2100, Avg length: 20.0,  Avg reward: 21.01681137084961
INFO:root:Episode 2200, Avg length: 20.0,  Avg reward: 21.06924057006836
INFO:root:Episode 2300, Avg length: 20.0,  Avg reward: 21.17364501953125
INFO:root:Episode 2400, Avg length: 20.0,  Avg reward: 21.236562728881836
INFO:root:Episode 2500, Avg length: 20.0,  Avg reward: 21.492441177368164
INFO:root:Episode 2600, Avg length: 20.0,  Avg reward: 21.238534927368164
INFO:root:Episode 2700, Avg length: 20.0,  Avg reward: 21.411245346069336
INFO:root:Episode 2800, Avg length: 20.0,  Avg reward: 21.784404754638672
INFO:root:Episode 2900, Avg length: 20.0,  Avg reward: 21.400165557861328
INFO:root:Episode 3000, Avg length: 20.0,  Avg reward: 21.6153507232666
INFO:root:Episode 3100, Avg length: 20.0,  Avg reward: 21.512554168701172
INFO:root:Episode 3200, Avg length: 20.0,  Avg reward: 21.40926742553711
INFO:root:Episode 3300, Avg length: 20.0,  Avg reward: 21.41244125366211
INFO:root:Episode 3400, Avg length: 20.0,  Avg reward: 21.66230010986328
INFO:root:Episode 3500, Avg length: 20.0,  Avg reward: 21.53514862060547
INFO:root:Episode 3600, Avg length: 20.0,  Avg reward: 21.470134735107422
INFO:root:Episode 3700, Avg length: 20.0,  Avg reward: 21.579030990600586
INFO:root:Episode 3800, Avg length: 20.0,  Avg reward: 21.68497085571289
INFO:root:Episode 3900, Avg length: 20.0,  Avg reward: 21.779136657714844
INFO:root:Episode 4000, Avg length: 20.0,  Avg reward: 21.633018493652344
INFO:root:Episode 4100, Avg length: 20.0,  Avg reward: 21.516372680664062
INFO:root:Episode 4200, Avg length: 20.0,  Avg reward: 21.689983367919922
INFO:root:Episode 4300, Avg length: 20.0,  Avg reward: 21.886262893676758
INFO:root:Episode 4400, Avg length: 20.0,  Avg reward: 21.513683319091797
INFO:root:Episode 4500, Avg length: 20.0,  Avg reward: 21.673917770385742
INFO:root:Episode 4600, Avg length: 20.0,  Avg reward: 21.382972717285156
INFO:root:Episode 4700, Avg length: 20.0,  Avg reward: 21.961668014526367
INFO:root:Episode 4800, Avg length: 20.0,  Avg reward: 21.92719078063965
INFO:root:Episode 4900, Avg length: 20.0,  Avg reward: 21.932636260986328
INFO:root:Episode 5000, Avg length: 20.0,  Avg reward: 22.03757095336914
INFO:root:Episode 5100, Avg length: 20.0,  Avg reward: 21.956554412841797
INFO:root:Episode 5200, Avg length: 20.0,  Avg reward: 21.77288818359375
INFO:root:Episode 5300, Avg length: 20.0,  Avg reward: 21.955827713012695
INFO:root:Episode 5400, Avg length: 20.0,  Avg reward: 22.114412307739258
INFO:root:Episode 5500, Avg length: 20.0,  Avg reward: 21.930543899536133
INFO:root:Episode 5600, Avg length: 20.0,  Avg reward: 21.8676815032959
INFO:root:Episode 5700, Avg length: 20.0,  Avg reward: 22.04694175720215
INFO:root:Episode 5800, Avg length: 20.0,  Avg reward: 22.132080078125
INFO:root:Episode 5900, Avg length: 20.0,  Avg reward: 22.071147918701172
INFO:root:Episode 6000, Avg length: 20.0,  Avg reward: 22.05724334716797
INFO:root:Episode 6100, Avg length: 20.0,  Avg reward: 22.13622283935547
INFO:root:Episode 6200, Avg length: 20.0,  Avg reward: 22.17115020751953
INFO:root:Episode 6300, Avg length: 20.0,  Avg reward: 22.026655197143555
INFO:root:Episode 6400, Avg length: 20.0,  Avg reward: 22.119342803955078
INFO:root:Episode 6500, Avg length: 20.0,  Avg reward: 21.940160751342773
INFO:root:Episode 6600, Avg length: 20.0,  Avg reward: 22.319189071655273
INFO:root:Episode 6700, Avg length: 20.0,  Avg reward: 21.953737258911133
INFO:root:Episode 6800, Avg length: 20.0,  Avg reward: 21.817188262939453
INFO:root:Episode 6900, Avg length: 20.0,  Avg reward: 22.24875259399414
INFO:root:Episode 7000, Avg length: 20.0,  Avg reward: 21.946491241455078
INFO:root:Episode 7100, Avg length: 20.0,  Avg reward: 21.972562789916992
INFO:root:Episode 7200, Avg length: 20.0,  Avg reward: 22.338058471679688
INFO:root:Episode 7300, Avg length: 20.0,  Avg reward: 22.103681564331055
INFO:root:Episode 7400, Avg length: 20.0,  Avg reward: 22.029939651489258
INFO:root:Episode 7500, Avg length: 20.0,  Avg reward: 22.15142822265625
INFO:root:Episode 7600, Avg length: 20.0,  Avg reward: 22.155921936035156
INFO:root:Episode 7700, Avg length: 20.0,  Avg reward: 22.393022537231445
INFO:root:Episode 7800, Avg length: 20.0,  Avg reward: 22.429946899414062
INFO:root:Episode 7900, Avg length: 20.0,  Avg reward: 22.667221069335938
INFO:root:Episode 8000, Avg length: 20.0,  Avg reward: 22.3699951171875
INFO:root:Episode 8100, Avg length: 20.0,  Avg reward: 22.083900451660156
INFO:root:Episode 8200, Avg length: 20.0,  Avg reward: 22.29092025756836
INFO:root:Episode 8300, Avg length: 20.0,  Avg reward: 22.39792251586914
INFO:root:Episode 8400, Avg length: 20.0,  Avg reward: 22.298200607299805
INFO:root:Episode 8500, Avg length: 20.0,  Avg reward: 22.390121459960938
INFO:root:Episode 8600, Avg length: 20.0,  Avg reward: 22.196983337402344
INFO:root:Episode 8700, Avg length: 20.0,  Avg reward: 22.34770965576172
INFO:root:Episode 8800, Avg length: 20.0,  Avg reward: 22.321229934692383
INFO:root:Episode 8900, Avg length: 20.0,  Avg reward: 22.391584396362305
INFO:root:Episode 9000, Avg length: 20.0,  Avg reward: 22.388629913330078
INFO:root:Episode 9100, Avg length: 20.0,  Avg reward: 22.38732147216797
INFO:root:Episode 9200, Avg length: 20.0,  Avg reward: 22.207624435424805
INFO:root:Episode 9300, Avg length: 20.0,  Avg reward: 22.364849090576172
INFO:root:Episode 9400, Avg length: 20.0,  Avg reward: 22.390302658081055
INFO:root:Episode 9500, Avg length: 20.0,  Avg reward: 22.430234909057617
INFO:root:Episode 9600, Avg length: 20.0,  Avg reward: 22.793745040893555
INFO:root:Episode 9700, Avg length: 20.0,  Avg reward: 22.266706466674805
INFO:root:Episode 9800, Avg length: 20.0,  Avg reward: 22.310213088989258
INFO:root:Episode 9900, Avg length: 20.0,  Avg reward: 22.593149185180664
INFO:root:Episode 10000, Avg length: 20.0,  Avg reward: 22.553119659423828
INFO:root:system policy training stop here
INFO:root:Episode 100, Avg length: 20.0,  Avg reward: 19.26319122314453
INFO:root:Episode 200, Avg length: 20.0,  Avg reward: 19.287012100219727
INFO:root:Episode 300, Avg length: 20.0,  Avg reward: 19.280624389648438
INFO:root:Episode 400, Avg length: 20.0,  Avg reward: 19.336244583129883
INFO:root:Episode 500, Avg length: 20.0,  Avg reward: 19.26383399963379
INFO:root:Episode 600, Avg length: 20.0,  Avg reward: 19.320009231567383
INFO:root:Episode 700, Avg length: 20.0,  Avg reward: 19.300024032592773
INFO:root:Episode 800, Avg length: 20.0,  Avg reward: 19.248096466064453
INFO:root:Episode 900, Avg length: 20.0,  Avg reward: 19.269624710083008
INFO:root:Episode 1000, Avg length: 20.0,  Avg reward: 19.279233932495117
INFO:root:Episode 1100, Avg length: 20.0,  Avg reward: 19.277568817138672
INFO:root:Episode 1200, Avg length: 20.0,  Avg reward: 19.29185676574707
INFO:root:Episode 1300, Avg length: 20.0,  Avg reward: 19.249126434326172
INFO:root:Episode 1400, Avg length: 20.0,  Avg reward: 19.311267852783203
INFO:root:Episode 1500, Avg length: 20.0,  Avg reward: 19.239805221557617
INFO:root:Episode 1600, Avg length: 20.0,  Avg reward: 19.283178329467773
INFO:root:Episode 1700, Avg length: 20.0,  Avg reward: 19.2453670501709
INFO:root:Episode 1800, Avg length: 20.0,  Avg reward: 19.290246963500977
INFO:root:Episode 1900, Avg length: 20.0,  Avg reward: 19.252344131469727
INFO:root:Episode 2000, Avg length: 20.0,  Avg reward: 19.29999351501465
INFO:root:Episode 2100, Avg length: 20.0,  Avg reward: 19.337392807006836
INFO:root:Episode 2200, Avg length: 20.0,  Avg reward: 19.286462783813477
INFO:root:Episode 2300, Avg length: 20.0,  Avg reward: 19.30986976623535
INFO:root:Episode 2400, Avg length: 20.0,  Avg reward: 19.353164672851562
INFO:root:Episode 2500, Avg length: 20.0,  Avg reward: 19.223203659057617
INFO:root:Episode 2600, Avg length: 20.0,  Avg reward: 19.29237937927246
INFO:root:Episode 2700, Avg length: 20.0,  Avg reward: 19.22568130493164
INFO:root:Episode 2800, Avg length: 20.0,  Avg reward: 19.302318572998047
INFO:root:Episode 2900, Avg length: 20.0,  Avg reward: 19.278261184692383
INFO:root:Episode 3000, Avg length: 20.0,  Avg reward: 19.24921226501465
INFO:root:Episode 3100, Avg length: 20.0,  Avg reward: 19.24079132080078
INFO:root:Episode 3200, Avg length: 20.0,  Avg reward: 19.26325798034668
INFO:root:Episode 3300, Avg length: 20.0,  Avg reward: 19.350120544433594
INFO:root:Episode 3400, Avg length: 20.0,  Avg reward: 19.27606964111328
INFO:root:Episode 3500, Avg length: 20.0,  Avg reward: 19.242921829223633
INFO:root:Episode 3600, Avg length: 20.0,  Avg reward: 19.263935089111328
INFO:root:Episode 3700, Avg length: 20.0,  Avg reward: 19.292512893676758
INFO:root:Episode 3800, Avg length: 20.0,  Avg reward: 19.27358055114746
INFO:root:Episode 3900, Avg length: 20.0,  Avg reward: 19.30921745300293
INFO:root:Episode 4000, Avg length: 20.0,  Avg reward: 19.271169662475586
INFO:root:Episode 4100, Avg length: 20.0,  Avg reward: 19.210742950439453
INFO:root:Episode 4200, Avg length: 20.0,  Avg reward: 19.290307998657227
INFO:root:Episode 4300, Avg length: 20.0,  Avg reward: 19.308961868286133
INFO:root:Episode 4400, Avg length: 20.0,  Avg reward: 19.327980041503906
INFO:root:Episode 4500, Avg length: 20.0,  Avg reward: 19.283496856689453
INFO:root:Episode 4600, Avg length: 20.0,  Avg reward: 19.289155960083008
INFO:root:Episode 4700, Avg length: 20.0,  Avg reward: 19.29050636291504
INFO:root:Episode 4800, Avg length: 20.0,  Avg reward: 19.335979461669922
INFO:root:Episode 4900, Avg length: 20.0,  Avg reward: 19.347000122070312
INFO:root:Episode 5000, Avg length: 20.0,  Avg reward: 19.249752044677734
INFO:root:Episode 5100, Avg length: 20.0,  Avg reward: 19.247522354125977
INFO:root:Episode 5200, Avg length: 20.0,  Avg reward: 19.3282413482666
INFO:root:Episode 5300, Avg length: 20.0,  Avg reward: 19.300132751464844
INFO:root:Episode 5400, Avg length: 20.0,  Avg reward: 19.311426162719727
INFO:root:Episode 5500, Avg length: 20.0,  Avg reward: 19.296831130981445
INFO:root:Episode 5600, Avg length: 20.0,  Avg reward: 19.26349639892578
INFO:root:Episode 5700, Avg length: 20.0,  Avg reward: 19.268722534179688
INFO:root:Episode 5800, Avg length: 20.0,  Avg reward: 19.258071899414062
INFO:root:Episode 5900, Avg length: 20.0,  Avg reward: 19.261201858520508
INFO:root:Episode 6000, Avg length: 20.0,  Avg reward: 19.119857788085938
INFO:root:Episode 6100, Avg length: 20.0,  Avg reward: 19.25503921508789
INFO:root:Episode 6200, Avg length: 20.0,  Avg reward: 19.281675338745117
INFO:root:Episode 6300, Avg length: 20.0,  Avg reward: 19.266525268554688
INFO:root:Episode 6400, Avg length: 20.0,  Avg reward: 19.22624969482422
INFO:root:Episode 6500, Avg length: 20.0,  Avg reward: 19.252988815307617
INFO:root:Episode 6600, Avg length: 20.0,  Avg reward: 19.2269287109375
INFO:root:Episode 6700, Avg length: 20.0,  Avg reward: 19.234407424926758
INFO:root:Episode 6800, Avg length: 20.0,  Avg reward: 19.27707862854004
INFO:root:Episode 6900, Avg length: 20.0,  Avg reward: 19.307632446289062
INFO:root:Episode 7000, Avg length: 20.0,  Avg reward: 19.27318572998047
INFO:root:Episode 7100, Avg length: 20.0,  Avg reward: 19.23918342590332
INFO:root:Episode 7200, Avg length: 20.0,  Avg reward: 19.206079483032227
INFO:root:Episode 7300, Avg length: 20.0,  Avg reward: 19.325958251953125
INFO:root:Episode 7400, Avg length: 20.0,  Avg reward: 19.211462020874023
INFO:root:Episode 7500, Avg length: 20.0,  Avg reward: 19.2589168548584
INFO:root:Episode 7600, Avg length: 20.0,  Avg reward: 19.255765914916992
INFO:root:Episode 7700, Avg length: 20.0,  Avg reward: 19.200986862182617
INFO:root:Episode 7800, Avg length: 20.0,  Avg reward: 19.220495223999023
INFO:root:Episode 7900, Avg length: 20.0,  Avg reward: 19.24837875366211
INFO:root:Episode 8000, Avg length: 20.0,  Avg reward: 19.26332664489746
INFO:root:Episode 8100, Avg length: 20.0,  Avg reward: 19.29348373413086
INFO:root:Episode 8200, Avg length: 20.0,  Avg reward: 19.269731521606445
INFO:root:Episode 8300, Avg length: 20.0,  Avg reward: 19.220029830932617
INFO:root:Episode 8400, Avg length: 20.0,  Avg reward: 19.265121459960938
INFO:root:Episode 8500, Avg length: 20.0,  Avg reward: 19.235759735107422
INFO:root:Episode 8600, Avg length: 20.0,  Avg reward: 19.244482040405273
INFO:root:Episode 8700, Avg length: 20.0,  Avg reward: 19.218130111694336
INFO:root:Episode 8800, Avg length: 20.0,  Avg reward: 19.162242889404297
INFO:root:Episode 8900, Avg length: 20.0,  Avg reward: 19.228036880493164
INFO:root:Episode 9000, Avg length: 20.0,  Avg reward: 19.0910587310791
INFO:root:Episode 9100, Avg length: 20.0,  Avg reward: 19.2171688079834
INFO:root:Episode 9200, Avg length: 20.0,  Avg reward: 19.215221405029297
INFO:root:Episode 9300, Avg length: 20.0,  Avg reward: 19.221824645996094
INFO:root:Episode 9400, Avg length: 20.0,  Avg reward: 19.198139190673828
INFO:root:Episode 9500, Avg length: 20.0,  Avg reward: 19.22498321533203
INFO:root:Episode 9600, Avg length: 20.0,  Avg reward: 19.189546585083008
INFO:root:Episode 9700, Avg length: 20.0,  Avg reward: 19.18415641784668
INFO:root:Episode 9800, Avg length: 20.0,  Avg reward: 19.195659637451172
INFO:root:Episode 9900, Avg length: 20.0,  Avg reward: 19.211753845214844
INFO:root:Episode 10000, Avg length: 20.0,  Avg reward: 19.213117599487305
Traceback (most recent call last):
  File "agent.py", line 204, in <module>
    main(config)
  File "agent.py", line 196, in main
    raise ValueError("stop here")
ValueError: stop here
